<?xml version="1.0" encoding="UTF-8" ?>
<testsuites name="vitest tests" tests="66" failures="66" errors="0" time="0.8057464">
    <testsuite name="tests/integration/workflow-api.test.ts" timestamp="2025-09-20T06:10:37.442Z" hostname="eldon31" tests="19" failures="19" errors="0" skipped="0" time="0.0763951">
        <testcase classname="tests/integration/workflow-api.test.ts" name="API Integration Tests - Workflow Endpoints &gt; Workflow Start API - /api/workflow/start &gt; Should accept valid form data and start workflow" time="0.0104163">
            <failure message="expect is not defined" type="ReferenceError">
ReferenceError: expect is not defined
 ❯ tests/setup/integration-setup.ts:51:50
            </failure>
            <failure message="expect is not defined" type="ReferenceError">
ReferenceError: expect is not defined
 ❯ tests/setup/integration-setup.ts:71:51
            </failure>
            <failure message="expect is not defined" type="ReferenceError">
ReferenceError: expect is not defined
 ❯ tests/setup/integration-setup.ts:51:50
            </failure>
            <failure message="expect is not defined" type="ReferenceError">
ReferenceError: expect is not defined
 ❯ tests/setup/integration-setup.ts:71:51
            </failure>
        </testcase>
        <testcase classname="tests/integration/workflow-api.test.ts" name="API Integration Tests - Workflow Endpoints &gt; Workflow Start API - /api/workflow/start &gt; Should handle streaming workflow requests" time="0.0026748">
            <failure message="expect is not defined" type="ReferenceError">
ReferenceError: expect is not defined
 ❯ tests/setup/integration-setup.ts:51:50
            </failure>
            <failure message="expect is not defined" type="ReferenceError">
ReferenceError: expect is not defined
 ❯ tests/setup/integration-setup.ts:71:51
            </failure>
            <failure message="expect is not defined" type="ReferenceError">
ReferenceError: expect is not defined
 ❯ tests/setup/integration-setup.ts:51:50
            </failure>
            <failure message="expect is not defined" type="ReferenceError">
ReferenceError: expect is not defined
 ❯ tests/setup/integration-setup.ts:71:51
            </failure>
        </testcase>
        <testcase classname="tests/integration/workflow-api.test.ts" name="API Integration Tests - Workflow Endpoints &gt; Workflow Start API - /api/workflow/start &gt; Should reject invalid form data with proper error" time="0.0030857">
            <failure message="expect is not defined" type="ReferenceError">
ReferenceError: expect is not defined
 ❯ tests/setup/integration-setup.ts:51:50
            </failure>
            <failure message="expect is not defined" type="ReferenceError">
ReferenceError: expect is not defined
 ❯ tests/setup/integration-setup.ts:71:51
            </failure>
            <failure message="expect is not defined" type="ReferenceError">
ReferenceError: expect is not defined
 ❯ tests/setup/integration-setup.ts:51:50
            </failure>
            <failure message="expect is not defined" type="ReferenceError">
ReferenceError: expect is not defined
 ❯ tests/setup/integration-setup.ts:71:51
            </failure>
        </testcase>
        <testcase classname="tests/integration/workflow-api.test.ts" name="API Integration Tests - Workflow Endpoints &gt; Workflow Start API - /api/workflow/start &gt; Should handle missing sessionId" time="0.0026845">
            <failure message="expect is not defined" type="ReferenceError">
ReferenceError: expect is not defined
 ❯ tests/setup/integration-setup.ts:51:50
            </failure>
            <failure message="expect is not defined" type="ReferenceError">
ReferenceError: expect is not defined
 ❯ tests/setup/integration-setup.ts:71:51
            </failure>
            <failure message="expect is not defined" type="ReferenceError">
ReferenceError: expect is not defined
 ❯ tests/setup/integration-setup.ts:51:50
            </failure>
            <failure message="expect is not defined" type="ReferenceError">
ReferenceError: expect is not defined
 ❯ tests/setup/integration-setup.ts:71:51
            </failure>
        </testcase>
        <testcase classname="tests/integration/workflow-api.test.ts" name="API Integration Tests - Workflow Endpoints &gt; Workflow Start API - /api/workflow/start &gt; Should handle malformed JSON request" time="0.0033929">
            <failure message="expect is not defined" type="ReferenceError">
ReferenceError: expect is not defined
 ❯ tests/setup/integration-setup.ts:51:50
            </failure>
            <failure message="expect is not defined" type="ReferenceError">
ReferenceError: expect is not defined
 ❯ tests/setup/integration-setup.ts:71:51
            </failure>
            <failure message="expect is not defined" type="ReferenceError">
ReferenceError: expect is not defined
 ❯ tests/setup/integration-setup.ts:51:50
            </failure>
            <failure message="expect is not defined" type="ReferenceError">
ReferenceError: expect is not defined
 ❯ tests/setup/integration-setup.ts:71:51
            </failure>
        </testcase>
        <testcase classname="tests/integration/workflow-api.test.ts" name="API Integration Tests - Workflow Endpoints &gt; Workflow Start API - /api/workflow/start &gt; Should handle duplicate sessionId appropriately" time="0.0028583">
            <failure message="expect is not defined" type="ReferenceError">
ReferenceError: expect is not defined
 ❯ tests/setup/integration-setup.ts:51:50
            </failure>
            <failure message="expect is not defined" type="ReferenceError">
ReferenceError: expect is not defined
 ❯ tests/setup/integration-setup.ts:71:51
            </failure>
            <failure message="expect is not defined" type="ReferenceError">
ReferenceError: expect is not defined
 ❯ tests/setup/integration-setup.ts:51:50
            </failure>
            <failure message="expect is not defined" type="ReferenceError">
ReferenceError: expect is not defined
 ❯ tests/setup/integration-setup.ts:71:51
            </failure>
        </testcase>
        <testcase classname="tests/integration/workflow-api.test.ts" name="API Integration Tests - Workflow Endpoints &gt; Workflow Start API - /api/workflow/start &gt; Should support CORS for browser requests" time="0.0024502">
            <failure message="expect is not defined" type="ReferenceError">
ReferenceError: expect is not defined
 ❯ tests/setup/integration-setup.ts:51:50
            </failure>
            <failure message="expect is not defined" type="ReferenceError">
ReferenceError: expect is not defined
 ❯ tests/setup/integration-setup.ts:71:51
            </failure>
            <failure message="expect is not defined" type="ReferenceError">
ReferenceError: expect is not defined
 ❯ tests/setup/integration-setup.ts:51:50
            </failure>
            <failure message="expect is not defined" type="ReferenceError">
ReferenceError: expect is not defined
 ❯ tests/setup/integration-setup.ts:71:51
            </failure>
        </testcase>
        <testcase classname="tests/integration/workflow-api.test.ts" name="API Integration Tests - Workflow Endpoints &gt; Workflow State API - /api/workflow/state &gt; Should retrieve existing workflow state" time="0.0179559">
            <failure message="expect is not defined" type="ReferenceError">
ReferenceError: expect is not defined
 ❯ tests/setup/integration-setup.ts:51:50
            </failure>
            <failure message="expect is not defined" type="ReferenceError">
ReferenceError: expect is not defined
 ❯ tests/setup/integration-setup.ts:71:51
            </failure>
            <failure message="expect is not defined" type="ReferenceError">
ReferenceError: expect is not defined
 ❯ tests/setup/integration-setup.ts:51:50
            </failure>
            <failure message="expect is not defined" type="ReferenceError">
ReferenceError: expect is not defined
 ❯ tests/setup/integration-setup.ts:71:51
            </failure>
        </testcase>
        <testcase classname="tests/integration/workflow-api.test.ts" name="API Integration Tests - Workflow Endpoints &gt; Workflow State API - /api/workflow/state &gt; Should return 404 for non-existent session" time="0.0021691">
            <failure message="expect is not defined" type="ReferenceError">
ReferenceError: expect is not defined
 ❯ tests/setup/integration-setup.ts:51:50
            </failure>
            <failure message="expect is not defined" type="ReferenceError">
ReferenceError: expect is not defined
 ❯ tests/setup/integration-setup.ts:71:51
            </failure>
            <failure message="expect is not defined" type="ReferenceError">
ReferenceError: expect is not defined
 ❯ tests/setup/integration-setup.ts:51:50
            </failure>
            <failure message="expect is not defined" type="ReferenceError">
ReferenceError: expect is not defined
 ❯ tests/setup/integration-setup.ts:71:51
            </failure>
        </testcase>
        <testcase classname="tests/integration/workflow-api.test.ts" name="API Integration Tests - Workflow Endpoints &gt; Workflow State API - /api/workflow/state &gt; Should cancel running workflow" time="0.0021301">
            <failure message="expect is not defined" type="ReferenceError">
ReferenceError: expect is not defined
 ❯ tests/setup/integration-setup.ts:51:50
            </failure>
            <failure message="expect is not defined" type="ReferenceError">
ReferenceError: expect is not defined
 ❯ tests/setup/integration-setup.ts:71:51
            </failure>
            <failure message="expect is not defined" type="ReferenceError">
ReferenceError: expect is not defined
 ❯ tests/setup/integration-setup.ts:51:50
            </failure>
            <failure message="expect is not defined" type="ReferenceError">
ReferenceError: expect is not defined
 ❯ tests/setup/integration-setup.ts:71:51
            </failure>
        </testcase>
        <testcase classname="tests/integration/workflow-api.test.ts" name="API Integration Tests - Workflow Endpoints &gt; Workflow State API - /api/workflow/state &gt; Should handle missing sessionId in query parameters" time="0.003298">
            <failure message="expect is not defined" type="ReferenceError">
ReferenceError: expect is not defined
 ❯ tests/setup/integration-setup.ts:51:50
            </failure>
            <failure message="expect is not defined" type="ReferenceError">
ReferenceError: expect is not defined
 ❯ tests/setup/integration-setup.ts:71:51
            </failure>
            <failure message="expect is not defined" type="ReferenceError">
ReferenceError: expect is not defined
 ❯ tests/setup/integration-setup.ts:51:50
            </failure>
            <failure message="expect is not defined" type="ReferenceError">
ReferenceError: expect is not defined
 ❯ tests/setup/integration-setup.ts:71:51
            </failure>
        </testcase>
        <testcase classname="tests/integration/workflow-api.test.ts" name="API Integration Tests - Workflow Endpoints &gt; Workflow State API - /api/workflow/state &gt; Should handle workflow configuration updates" time="0.0028174">
            <failure message="expect is not defined" type="ReferenceError">
ReferenceError: expect is not defined
 ❯ tests/setup/integration-setup.ts:51:50
            </failure>
            <failure message="expect is not defined" type="ReferenceError">
ReferenceError: expect is not defined
 ❯ tests/setup/integration-setup.ts:71:51
            </failure>
            <failure message="expect is not defined" type="ReferenceError">
ReferenceError: expect is not defined
 ❯ tests/setup/integration-setup.ts:51:50
            </failure>
            <failure message="expect is not defined" type="ReferenceError">
ReferenceError: expect is not defined
 ❯ tests/setup/integration-setup.ts:71:51
            </failure>
        </testcase>
        <testcase classname="tests/integration/workflow-api.test.ts" name="API Integration Tests - Workflow Endpoints &gt; End-to-End API Workflow &gt; Should complete full workflow via API calls" time="0.0022318">
            <failure message="expect is not defined" type="ReferenceError">
ReferenceError: expect is not defined
 ❯ tests/setup/integration-setup.ts:51:50
            </failure>
            <failure message="expect is not defined" type="ReferenceError">
ReferenceError: expect is not defined
 ❯ tests/setup/integration-setup.ts:71:51
            </failure>
            <failure message="expect is not defined" type="ReferenceError">
ReferenceError: expect is not defined
 ❯ tests/setup/integration-setup.ts:51:50
            </failure>
            <failure message="expect is not defined" type="ReferenceError">
ReferenceError: expect is not defined
 ❯ tests/setup/integration-setup.ts:71:51
            </failure>
        </testcase>
        <testcase classname="tests/integration/workflow-api.test.ts" name="API Integration Tests - Workflow Endpoints &gt; End-to-End API Workflow &gt; Should handle workflow timeout through API" time="0.0018469">
            <failure message="expect is not defined" type="ReferenceError">
ReferenceError: expect is not defined
 ❯ tests/setup/integration-setup.ts:51:50
            </failure>
            <failure message="expect is not defined" type="ReferenceError">
ReferenceError: expect is not defined
 ❯ tests/setup/integration-setup.ts:71:51
            </failure>
            <failure message="expect is not defined" type="ReferenceError">
ReferenceError: expect is not defined
 ❯ tests/setup/integration-setup.ts:51:50
            </failure>
            <failure message="expect is not defined" type="ReferenceError">
ReferenceError: expect is not defined
 ❯ tests/setup/integration-setup.ts:71:51
            </failure>
        </testcase>
        <testcase classname="tests/integration/workflow-api.test.ts" name="API Integration Tests - Workflow Endpoints &gt; End-to-End API Workflow &gt; Should maintain session isolation across concurrent API requests" time="0.002099">
            <failure message="expect is not defined" type="ReferenceError">
ReferenceError: expect is not defined
 ❯ tests/setup/integration-setup.ts:51:50
            </failure>
            <failure message="expect is not defined" type="ReferenceError">
ReferenceError: expect is not defined
 ❯ tests/setup/integration-setup.ts:71:51
            </failure>
            <failure message="expect is not defined" type="ReferenceError">
ReferenceError: expect is not defined
 ❯ tests/setup/integration-setup.ts:51:50
            </failure>
            <failure message="expect is not defined" type="ReferenceError">
ReferenceError: expect is not defined
 ❯ tests/setup/integration-setup.ts:71:51
            </failure>
        </testcase>
        <testcase classname="tests/integration/workflow-api.test.ts" name="API Integration Tests - Workflow Endpoints &gt; End-to-End API Workflow &gt; Should handle API rate limiting gracefully" time="0.0019671">
            <failure message="expect is not defined" type="ReferenceError">
ReferenceError: expect is not defined
 ❯ tests/setup/integration-setup.ts:51:50
            </failure>
            <failure message="expect is not defined" type="ReferenceError">
ReferenceError: expect is not defined
 ❯ tests/setup/integration-setup.ts:71:51
            </failure>
            <failure message="expect is not defined" type="ReferenceError">
ReferenceError: expect is not defined
 ❯ tests/setup/integration-setup.ts:51:50
            </failure>
            <failure message="expect is not defined" type="ReferenceError">
ReferenceError: expect is not defined
 ❯ tests/setup/integration-setup.ts:71:51
            </failure>
        </testcase>
        <testcase classname="tests/integration/workflow-api.test.ts" name="API Integration Tests - Workflow Endpoints &gt; Error Handling and Edge Cases &gt; Should handle Vercel Edge Function timeout" time="0.0020679">
            <failure message="expect is not defined" type="ReferenceError">
ReferenceError: expect is not defined
 ❯ tests/setup/integration-setup.ts:51:50
            </failure>
            <failure message="expect is not defined" type="ReferenceError">
ReferenceError: expect is not defined
 ❯ tests/setup/integration-setup.ts:71:51
            </failure>
            <failure message="expect is not defined" type="ReferenceError">
ReferenceError: expect is not defined
 ❯ tests/setup/integration-setup.ts:51:50
            </failure>
            <failure message="expect is not defined" type="ReferenceError">
ReferenceError: expect is not defined
 ❯ tests/setup/integration-setup.ts:71:51
            </failure>
        </testcase>
        <testcase classname="tests/integration/workflow-api.test.ts" name="API Integration Tests - Workflow Endpoints &gt; Error Handling and Edge Cases &gt; Should handle network interruption during streaming" time="0.0020833">
            <failure message="expect is not defined" type="ReferenceError">
ReferenceError: expect is not defined
 ❯ tests/setup/integration-setup.ts:51:50
            </failure>
            <failure message="expect is not defined" type="ReferenceError">
ReferenceError: expect is not defined
 ❯ tests/setup/integration-setup.ts:71:51
            </failure>
            <failure message="expect is not defined" type="ReferenceError">
ReferenceError: expect is not defined
 ❯ tests/setup/integration-setup.ts:51:50
            </failure>
            <failure message="expect is not defined" type="ReferenceError">
ReferenceError: expect is not defined
 ❯ tests/setup/integration-setup.ts:71:51
            </failure>
        </testcase>
        <testcase classname="tests/integration/workflow-api.test.ts" name="API Integration Tests - Workflow Endpoints &gt; Error Handling and Edge Cases &gt; Should handle large form data payloads" time="0.0021425">
            <failure message="expect is not defined" type="ReferenceError">
ReferenceError: expect is not defined
 ❯ tests/setup/integration-setup.ts:51:50
            </failure>
            <failure message="expect is not defined" type="ReferenceError">
ReferenceError: expect is not defined
 ❯ tests/setup/integration-setup.ts:71:51
            </failure>
            <failure message="expect is not defined" type="ReferenceError">
ReferenceError: expect is not defined
 ❯ tests/setup/integration-setup.ts:51:50
            </failure>
            <failure message="expect is not defined" type="ReferenceError">
ReferenceError: expect is not defined
 ❯ tests/setup/integration-setup.ts:71:51
            </failure>
        </testcase>
    </testsuite>
    <testsuite name="tests/integration/workflow-e2e.test.ts" timestamp="2025-09-20T06:10:38.164Z" hostname="eldon31" tests="15" failures="15" errors="0" skipped="0" time="0.0659464">
        <testcase classname="tests/integration/workflow-e2e.test.ts" name="End-to-End Workflow Integration Tests &gt; Complete Workflow Execution Scenarios &gt; Family Trip - Complete workflow execution with theme park focus" time="0.0082092">
            <failure message="expect is not defined" type="ReferenceError">
ReferenceError: expect is not defined
 ❯ tests/setup/integration-setup.ts:51:50
            </failure>
            <failure message="expect is not defined" type="ReferenceError">
ReferenceError: expect is not defined
 ❯ tests/setup/integration-setup.ts:71:51
            </failure>
            <failure message="expect is not defined" type="ReferenceError">
ReferenceError: expect is not defined
 ❯ tests/setup/integration-setup.ts:51:50
            </failure>
            <failure message="expect is not defined" type="ReferenceError">
ReferenceError: expect is not defined
 ❯ tests/setup/integration-setup.ts:71:51
            </failure>
        </testcase>
        <testcase classname="tests/integration/workflow-e2e.test.ts" name="End-to-End Workflow Integration Tests &gt; Complete Workflow Execution Scenarios &gt; Business Trip - Complete workflow with professional focus" time="0.0025383">
            <failure message="expect is not defined" type="ReferenceError">
ReferenceError: expect is not defined
 ❯ tests/setup/integration-setup.ts:51:50
            </failure>
            <failure message="expect is not defined" type="ReferenceError">
ReferenceError: expect is not defined
 ❯ tests/setup/integration-setup.ts:71:51
            </failure>
            <failure message="expect is not defined" type="ReferenceError">
ReferenceError: expect is not defined
 ❯ tests/setup/integration-setup.ts:51:50
            </failure>
            <failure message="expect is not defined" type="ReferenceError">
ReferenceError: expect is not defined
 ❯ tests/setup/integration-setup.ts:71:51
            </failure>
        </testcase>
        <testcase classname="tests/integration/workflow-e2e.test.ts" name="End-to-End Workflow Integration Tests &gt; Complete Workflow Execution Scenarios &gt; Adventure Trip - Complete workflow with outdoor activity focus" time="0.0027362">
            <failure message="expect is not defined" type="ReferenceError">
ReferenceError: expect is not defined
 ❯ tests/setup/integration-setup.ts:51:50
            </failure>
            <failure message="expect is not defined" type="ReferenceError">
ReferenceError: expect is not defined
 ❯ tests/setup/integration-setup.ts:71:51
            </failure>
            <failure message="expect is not defined" type="ReferenceError">
ReferenceError: expect is not defined
 ❯ tests/setup/integration-setup.ts:51:50
            </failure>
            <failure message="expect is not defined" type="ReferenceError">
ReferenceError: expect is not defined
 ❯ tests/setup/integration-setup.ts:71:51
            </failure>
        </testcase>
        <testcase classname="tests/integration/workflow-e2e.test.ts" name="End-to-End Workflow Integration Tests &gt; Complete Workflow Execution Scenarios &gt; Luxury Trip - Complete workflow with premium experience focus" time="0.0024635">
            <failure message="expect is not defined" type="ReferenceError">
ReferenceError: expect is not defined
 ❯ tests/setup/integration-setup.ts:51:50
            </failure>
            <failure message="expect is not defined" type="ReferenceError">
ReferenceError: expect is not defined
 ❯ tests/setup/integration-setup.ts:71:51
            </failure>
            <failure message="expect is not defined" type="ReferenceError">
ReferenceError: expect is not defined
 ❯ tests/setup/integration-setup.ts:51:50
            </failure>
            <failure message="expect is not defined" type="ReferenceError">
ReferenceError: expect is not defined
 ❯ tests/setup/integration-setup.ts:71:51
            </failure>
        </testcase>
        <testcase classname="tests/integration/workflow-e2e.test.ts" name="End-to-End Workflow Integration Tests &gt; Streaming Workflow Execution &gt; Should stream progress updates throughout workflow execution" time="0.0024687">
            <failure message="expect is not defined" type="ReferenceError">
ReferenceError: expect is not defined
 ❯ tests/setup/integration-setup.ts:51:50
            </failure>
            <failure message="expect is not defined" type="ReferenceError">
ReferenceError: expect is not defined
 ❯ tests/setup/integration-setup.ts:71:51
            </failure>
            <failure message="expect is not defined" type="ReferenceError">
ReferenceError: expect is not defined
 ❯ tests/setup/integration-setup.ts:51:50
            </failure>
            <failure message="expect is not defined" type="ReferenceError">
ReferenceError: expect is not defined
 ❯ tests/setup/integration-setup.ts:71:51
            </failure>
        </testcase>
        <testcase classname="tests/integration/workflow-e2e.test.ts" name="End-to-End Workflow Integration Tests &gt; Streaming Workflow Execution &gt; Should provide agent-specific progress information during streaming" time="0.001813">
            <failure message="expect is not defined" type="ReferenceError">
ReferenceError: expect is not defined
 ❯ tests/setup/integration-setup.ts:51:50
            </failure>
            <failure message="expect is not defined" type="ReferenceError">
ReferenceError: expect is not defined
 ❯ tests/setup/integration-setup.ts:71:51
            </failure>
            <failure message="expect is not defined" type="ReferenceError">
ReferenceError: expect is not defined
 ❯ tests/setup/integration-setup.ts:51:50
            </failure>
            <failure message="expect is not defined" type="ReferenceError">
ReferenceError: expect is not defined
 ❯ tests/setup/integration-setup.ts:71:51
            </failure>
        </testcase>
        <testcase classname="tests/integration/workflow-e2e.test.ts" name="End-to-End Workflow Integration Tests &gt; Agent Data Handoff Validation &gt; Should maintain data consistency between agent handoffs" time="0.0019019">
            <failure message="expect is not defined" type="ReferenceError">
ReferenceError: expect is not defined
 ❯ tests/setup/integration-setup.ts:51:50
            </failure>
            <failure message="expect is not defined" type="ReferenceError">
ReferenceError: expect is not defined
 ❯ tests/setup/integration-setup.ts:71:51
            </failure>
            <failure message="expect is not defined" type="ReferenceError">
ReferenceError: expect is not defined
 ❯ tests/setup/integration-setup.ts:51:50
            </failure>
            <failure message="expect is not defined" type="ReferenceError">
ReferenceError: expect is not defined
 ❯ tests/setup/integration-setup.ts:71:51
            </failure>
        </testcase>
        <testcase classname="tests/integration/workflow-e2e.test.ts" name="End-to-End Workflow Integration Tests &gt; Agent Data Handoff Validation &gt; Should preserve original form data throughout workflow" time="0.0018686">
            <failure message="expect is not defined" type="ReferenceError">
ReferenceError: expect is not defined
 ❯ tests/setup/integration-setup.ts:51:50
            </failure>
            <failure message="expect is not defined" type="ReferenceError">
ReferenceError: expect is not defined
 ❯ tests/setup/integration-setup.ts:71:51
            </failure>
            <failure message="expect is not defined" type="ReferenceError">
ReferenceError: expect is not defined
 ❯ tests/setup/integration-setup.ts:51:50
            </failure>
            <failure message="expect is not defined" type="ReferenceError">
ReferenceError: expect is not defined
 ❯ tests/setup/integration-setup.ts:71:51
            </failure>
        </testcase>
        <testcase classname="tests/integration/workflow-e2e.test.ts" name="End-to-End Workflow Integration Tests &gt; Concurrent Workflow Execution &gt; Should handle multiple concurrent workflows without interference" time="0.003488">
            <failure message="expect is not defined" type="ReferenceError">
ReferenceError: expect is not defined
 ❯ tests/setup/integration-setup.ts:51:50
            </failure>
            <failure message="expect is not defined" type="ReferenceError">
ReferenceError: expect is not defined
 ❯ tests/setup/integration-setup.ts:71:51
            </failure>
            <failure message="expect is not defined" type="ReferenceError">
ReferenceError: expect is not defined
 ❯ tests/setup/integration-setup.ts:51:50
            </failure>
            <failure message="expect is not defined" type="ReferenceError">
ReferenceError: expect is not defined
 ❯ tests/setup/integration-setup.ts:71:51
            </failure>
        </testcase>
        <testcase classname="tests/integration/workflow-e2e.test.ts" name="End-to-End Workflow Integration Tests &gt; Concurrent Workflow Execution &gt; Should maintain session isolation during concurrent execution" time="0.0018269">
            <failure message="expect is not defined" type="ReferenceError">
ReferenceError: expect is not defined
 ❯ tests/setup/integration-setup.ts:51:50
            </failure>
            <failure message="expect is not defined" type="ReferenceError">
ReferenceError: expect is not defined
 ❯ tests/setup/integration-setup.ts:71:51
            </failure>
            <failure message="expect is not defined" type="ReferenceError">
ReferenceError: expect is not defined
 ❯ tests/setup/integration-setup.ts:51:50
            </failure>
            <failure message="expect is not defined" type="ReferenceError">
ReferenceError: expect is not defined
 ❯ tests/setup/integration-setup.ts:71:51
            </failure>
        </testcase>
        <testcase classname="tests/integration/workflow-e2e.test.ts" name="End-to-End Workflow Integration Tests &gt; Cost and Resource Tracking &gt; Should accurately track costs across all agents" time="0.0019122">
            <failure message="expect is not defined" type="ReferenceError">
ReferenceError: expect is not defined
 ❯ tests/setup/integration-setup.ts:51:50
            </failure>
            <failure message="expect is not defined" type="ReferenceError">
ReferenceError: expect is not defined
 ❯ tests/setup/integration-setup.ts:71:51
            </failure>
            <failure message="expect is not defined" type="ReferenceError">
ReferenceError: expect is not defined
 ❯ tests/setup/integration-setup.ts:51:50
            </failure>
            <failure message="expect is not defined" type="ReferenceError">
ReferenceError: expect is not defined
 ❯ tests/setup/integration-setup.ts:71:51
            </failure>
        </testcase>
        <testcase classname="tests/integration/workflow-e2e.test.ts" name="End-to-End Workflow Integration Tests &gt; Cost and Resource Tracking &gt; Should respect cost limits and fail appropriately" time="0.0019454">
            <failure message="expect is not defined" type="ReferenceError">
ReferenceError: expect is not defined
 ❯ tests/setup/integration-setup.ts:51:50
            </failure>
            <failure message="expect is not defined" type="ReferenceError">
ReferenceError: expect is not defined
 ❯ tests/setup/integration-setup.ts:71:51
            </failure>
            <failure message="expect is not defined" type="ReferenceError">
ReferenceError: expect is not defined
 ❯ tests/setup/integration-setup.ts:51:50
            </failure>
            <failure message="expect is not defined" type="ReferenceError">
ReferenceError: expect is not defined
 ❯ tests/setup/integration-setup.ts:71:51
            </failure>
        </testcase>
        <testcase classname="tests/integration/workflow-e2e.test.ts" name="End-to-End Workflow Integration Tests &gt; Workflow Timeout and Cancellation &gt; Should respect execution time limits" time="0.0015163">
            <failure message="expect is not defined" type="ReferenceError">
ReferenceError: expect is not defined
 ❯ tests/setup/integration-setup.ts:51:50
            </failure>
            <failure message="expect is not defined" type="ReferenceError">
ReferenceError: expect is not defined
 ❯ tests/setup/integration-setup.ts:71:51
            </failure>
            <failure message="expect is not defined" type="ReferenceError">
ReferenceError: expect is not defined
 ❯ tests/setup/integration-setup.ts:51:50
            </failure>
            <failure message="expect is not defined" type="ReferenceError">
ReferenceError: expect is not defined
 ❯ tests/setup/integration-setup.ts:71:51
            </failure>
        </testcase>
        <testcase classname="tests/integration/workflow-e2e.test.ts" name="End-to-End Workflow Integration Tests &gt; Workflow Timeout and Cancellation &gt; Should handle workflow cancellation during execution" time="0.0020311">
            <failure message="expect is not defined" type="ReferenceError">
ReferenceError: expect is not defined
 ❯ tests/setup/integration-setup.ts:51:50
            </failure>
            <failure message="expect is not defined" type="ReferenceError">
ReferenceError: expect is not defined
 ❯ tests/setup/integration-setup.ts:71:51
            </failure>
            <failure message="expect is not defined" type="ReferenceError">
ReferenceError: expect is not defined
 ❯ tests/setup/integration-setup.ts:51:50
            </failure>
            <failure message="expect is not defined" type="ReferenceError">
ReferenceError: expect is not defined
 ❯ tests/setup/integration-setup.ts:71:51
            </failure>
        </testcase>
        <testcase classname="tests/integration/workflow-e2e.test.ts" name="End-to-End Workflow Integration Tests &gt; Error Recovery and Resilience &gt; Should maintain workflow integrity despite individual agent failures" time="0.0019622">
            <failure message="expect is not defined" type="ReferenceError">
ReferenceError: expect is not defined
 ❯ tests/setup/integration-setup.ts:51:50
            </failure>
            <failure message="expect is not defined" type="ReferenceError">
ReferenceError: expect is not defined
 ❯ tests/setup/integration-setup.ts:71:51
            </failure>
            <failure message="expect is not defined" type="ReferenceError">
ReferenceError: expect is not defined
 ❯ tests/setup/integration-setup.ts:51:50
            </failure>
            <failure message="expect is not defined" type="ReferenceError">
ReferenceError: expect is not defined
 ❯ tests/setup/integration-setup.ts:71:51
            </failure>
        </testcase>
    </testsuite>
    <testsuite name="tests/integration/workflow-integration.test.ts" timestamp="2025-09-20T06:10:39.068Z" hostname="eldon31" tests="8" failures="8" errors="0" skipped="0" time="0.0383806">
        <testcase classname="tests/integration/workflow-integration.test.ts" name="AI Multi-Agent Workflow Integration &gt; should initialize vector database service" time="0.0126128">
            <failure message="expect is not defined" type="ReferenceError">
ReferenceError: expect is not defined
 ❯ tests/setup/integration-setup.ts:51:50
            </failure>
            <failure message="expect is not defined" type="ReferenceError">
ReferenceError: expect is not defined
 ❯ tests/setup/integration-setup.ts:71:51
            </failure>
            <failure message="expect is not defined" type="ReferenceError">
ReferenceError: expect is not defined
 ❯ tests/setup/integration-setup.ts:51:50
            </failure>
            <failure message="expect is not defined" type="ReferenceError">
ReferenceError: expect is not defined
 ❯ tests/setup/integration-setup.ts:71:51
            </failure>
        </testcase>
        <testcase classname="tests/integration/workflow-integration.test.ts" name="AI Multi-Agent Workflow Integration &gt; should initialize embeddings service" time="0.003979">
            <failure message="expect is not defined" type="ReferenceError">
ReferenceError: expect is not defined
 ❯ tests/setup/integration-setup.ts:51:50
            </failure>
            <failure message="expect is not defined" type="ReferenceError">
ReferenceError: expect is not defined
 ❯ tests/setup/integration-setup.ts:71:51
            </failure>
            <failure message="expect is not defined" type="ReferenceError">
ReferenceError: expect is not defined
 ❯ tests/setup/integration-setup.ts:51:50
            </failure>
            <failure message="expect is not defined" type="ReferenceError">
ReferenceError: expect is not defined
 ❯ tests/setup/integration-setup.ts:71:51
            </failure>
        </testcase>
        <testcase classname="tests/integration/workflow-integration.test.ts" name="AI Multi-Agent Workflow Integration &gt; should initialize web search service" time="0.0041476">
            <failure message="expect is not defined" type="ReferenceError">
ReferenceError: expect is not defined
 ❯ tests/setup/integration-setup.ts:51:50
            </failure>
            <failure message="expect is not defined" type="ReferenceError">
ReferenceError: expect is not defined
 ❯ tests/setup/integration-setup.ts:71:51
            </failure>
            <failure message="expect is not defined" type="ReferenceError">
ReferenceError: expect is not defined
 ❯ tests/setup/integration-setup.ts:51:50
            </failure>
            <failure message="expect is not defined" type="ReferenceError">
ReferenceError: expect is not defined
 ❯ tests/setup/integration-setup.ts:71:51
            </failure>
        </testcase>
        <testcase classname="tests/integration/workflow-integration.test.ts" name="AI Multi-Agent Workflow Integration &gt; should initialize text splitter service" time="0.0028567">
            <failure message="expect is not defined" type="ReferenceError">
ReferenceError: expect is not defined
 ❯ tests/setup/integration-setup.ts:51:50
            </failure>
            <failure message="expect is not defined" type="ReferenceError">
ReferenceError: expect is not defined
 ❯ tests/setup/integration-setup.ts:71:51
            </failure>
            <failure message="expect is not defined" type="ReferenceError">
ReferenceError: expect is not defined
 ❯ tests/setup/integration-setup.ts:51:50
            </failure>
            <failure message="expect is not defined" type="ReferenceError">
ReferenceError: expect is not defined
 ❯ tests/setup/integration-setup.ts:71:51
            </failure>
        </testcase>
        <testcase classname="tests/integration/workflow-integration.test.ts" name="AI Multi-Agent Workflow Integration &gt; should initialize LangSmith tracing service" time="0.0028955">
            <failure message="expect is not defined" type="ReferenceError">
ReferenceError: expect is not defined
 ❯ tests/setup/integration-setup.ts:51:50
            </failure>
            <failure message="expect is not defined" type="ReferenceError">
ReferenceError: expect is not defined
 ❯ tests/setup/integration-setup.ts:71:51
            </failure>
            <failure message="expect is not defined" type="ReferenceError">
ReferenceError: expect is not defined
 ❯ tests/setup/integration-setup.ts:51:50
            </failure>
            <failure message="expect is not defined" type="ReferenceError">
ReferenceError: expect is not defined
 ❯ tests/setup/integration-setup.ts:71:51
            </failure>
        </testcase>
        <testcase classname="tests/integration/workflow-integration.test.ts" name="Enhanced UI Components &gt; should import AgentProgress component" time="0.0019515">
            <failure message="expect is not defined" type="ReferenceError">
ReferenceError: expect is not defined
 ❯ tests/setup/integration-setup.ts:51:50
            </failure>
            <failure message="expect is not defined" type="ReferenceError">
ReferenceError: expect is not defined
 ❯ tests/setup/integration-setup.ts:71:51
            </failure>
            <failure message="expect is not defined" type="ReferenceError">
ReferenceError: expect is not defined
 ❯ tests/setup/integration-setup.ts:51:50
            </failure>
            <failure message="expect is not defined" type="ReferenceError">
ReferenceError: expect is not defined
 ❯ tests/setup/integration-setup.ts:71:51
            </failure>
        </testcase>
        <testcase classname="tests/integration/workflow-integration.test.ts" name="Enhanced UI Components &gt; should import EnhancedItineraryDisplay component" time="0.002176">
            <failure message="expect is not defined" type="ReferenceError">
ReferenceError: expect is not defined
 ❯ tests/setup/integration-setup.ts:51:50
            </failure>
            <failure message="expect is not defined" type="ReferenceError">
ReferenceError: expect is not defined
 ❯ tests/setup/integration-setup.ts:71:51
            </failure>
            <failure message="expect is not defined" type="ReferenceError">
ReferenceError: expect is not defined
 ❯ tests/setup/integration-setup.ts:51:50
            </failure>
            <failure message="expect is not defined" type="ReferenceError">
ReferenceError: expect is not defined
 ❯ tests/setup/integration-setup.ts:71:51
            </failure>
        </testcase>
        <testcase classname="tests/integration/workflow-integration.test.ts" name="Service Integration Availability &gt; should have environment variables configured for services" time="0.0027435">
            <failure message="expect is not defined" type="ReferenceError">
ReferenceError: expect is not defined
 ❯ tests/setup/integration-setup.ts:51:50
            </failure>
            <failure message="expect is not defined" type="ReferenceError">
ReferenceError: expect is not defined
 ❯ tests/setup/integration-setup.ts:71:51
            </failure>
            <failure message="expect is not defined" type="ReferenceError">
ReferenceError: expect is not defined
 ❯ tests/setup/integration-setup.ts:51:50
            </failure>
            <failure message="expect is not defined" type="ReferenceError">
ReferenceError: expect is not defined
 ❯ tests/setup/integration-setup.ts:71:51
            </failure>
        </testcase>
    </testsuite>
    <testsuite name="tests/integration/workflow-performance.test.ts" timestamp="2025-09-20T06:10:39.283Z" hostname="eldon31" tests="10" failures="10" errors="0" skipped="0" time="0.0653569">
        <testcase classname="tests/integration/workflow-performance.test.ts" name="Performance Integration Tests &gt; Single Workflow Performance &gt; Should complete single workflow within performance benchmarks" time="0.0090616">
            <failure message="expect is not defined" type="ReferenceError">
ReferenceError: expect is not defined
 ❯ tests/setup/integration-setup.ts:51:50
            </failure>
            <failure message="expect is not defined" type="ReferenceError">
ReferenceError: expect is not defined
 ❯ tests/setup/integration-setup.ts:71:51
            </failure>
            <failure message="expect is not defined" type="ReferenceError">
ReferenceError: expect is not defined
 ❯ tests/setup/integration-setup.ts:51:50
            </failure>
            <failure message="expect is not defined" type="ReferenceError">
ReferenceError: expect is not defined
 ❯ tests/setup/integration-setup.ts:71:51
            </failure>
        </testcase>
        <testcase classname="tests/integration/workflow-performance.test.ts" name="Performance Integration Tests &gt; Single Workflow Performance &gt; Should maintain consistent performance across multiple sequential runs" time="0.0033006">
            <failure message="expect is not defined" type="ReferenceError">
ReferenceError: expect is not defined
 ❯ tests/setup/integration-setup.ts:51:50
            </failure>
            <failure message="expect is not defined" type="ReferenceError">
ReferenceError: expect is not defined
 ❯ tests/setup/integration-setup.ts:71:51
            </failure>
            <failure message="expect is not defined" type="ReferenceError">
ReferenceError: expect is not defined
 ❯ tests/setup/integration-setup.ts:51:50
            </failure>
            <failure message="expect is not defined" type="ReferenceError">
ReferenceError: expect is not defined
 ❯ tests/setup/integration-setup.ts:71:51
            </failure>
        </testcase>
        <testcase classname="tests/integration/workflow-performance.test.ts" name="Performance Integration Tests &gt; Single Workflow Performance &gt; Should demonstrate acceptable agent performance distribution" time="0.0029894">
            <failure message="expect is not defined" type="ReferenceError">
ReferenceError: expect is not defined
 ❯ tests/setup/integration-setup.ts:51:50
            </failure>
            <failure message="expect is not defined" type="ReferenceError">
ReferenceError: expect is not defined
 ❯ tests/setup/integration-setup.ts:71:51
            </failure>
            <failure message="expect is not defined" type="ReferenceError">
ReferenceError: expect is not defined
 ❯ tests/setup/integration-setup.ts:51:50
            </failure>
            <failure message="expect is not defined" type="ReferenceError">
ReferenceError: expect is not defined
 ❯ tests/setup/integration-setup.ts:71:51
            </failure>
        </testcase>
        <testcase classname="tests/integration/workflow-performance.test.ts" name="Performance Integration Tests &gt; Concurrent Workflow Performance &gt; Should handle moderate concurrent load efficiently" time="0.0035225">
            <failure message="expect is not defined" type="ReferenceError">
ReferenceError: expect is not defined
 ❯ tests/setup/integration-setup.ts:51:50
            </failure>
            <failure message="expect is not defined" type="ReferenceError">
ReferenceError: expect is not defined
 ❯ tests/setup/integration-setup.ts:71:51
            </failure>
            <failure message="expect is not defined" type="ReferenceError">
ReferenceError: expect is not defined
 ❯ tests/setup/integration-setup.ts:51:50
            </failure>
            <failure message="expect is not defined" type="ReferenceError">
ReferenceError: expect is not defined
 ❯ tests/setup/integration-setup.ts:71:51
            </failure>
        </testcase>
        <testcase classname="tests/integration/workflow-performance.test.ts" name="Performance Integration Tests &gt; Concurrent Workflow Performance &gt; Should gracefully handle high concurrent load" time="0.0034315">
            <failure message="expect is not defined" type="ReferenceError">
ReferenceError: expect is not defined
 ❯ tests/setup/integration-setup.ts:51:50
            </failure>
            <failure message="expect is not defined" type="ReferenceError">
ReferenceError: expect is not defined
 ❯ tests/setup/integration-setup.ts:71:51
            </failure>
            <failure message="expect is not defined" type="ReferenceError">
ReferenceError: expect is not defined
 ❯ tests/setup/integration-setup.ts:51:50
            </failure>
            <failure message="expect is not defined" type="ReferenceError">
ReferenceError: expect is not defined
 ❯ tests/setup/integration-setup.ts:71:51
            </failure>
        </testcase>
        <testcase classname="tests/integration/workflow-performance.test.ts" name="Performance Integration Tests &gt; Concurrent Workflow Performance &gt; Should maintain resource limits under load" time="0.0021414">
            <failure message="expect is not defined" type="ReferenceError">
ReferenceError: expect is not defined
 ❯ tests/setup/integration-setup.ts:51:50
            </failure>
            <failure message="expect is not defined" type="ReferenceError">
ReferenceError: expect is not defined
 ❯ tests/setup/integration-setup.ts:71:51
            </failure>
            <failure message="expect is not defined" type="ReferenceError">
ReferenceError: expect is not defined
 ❯ tests/setup/integration-setup.ts:51:50
            </failure>
            <failure message="expect is not defined" type="ReferenceError">
ReferenceError: expect is not defined
 ❯ tests/setup/integration-setup.ts:71:51
            </failure>
        </testcase>
        <testcase classname="tests/integration/workflow-performance.test.ts" name="Performance Integration Tests &gt; Streaming Performance &gt; Should maintain efficient streaming performance" time="0.0017738">
            <failure message="expect is not defined" type="ReferenceError">
ReferenceError: expect is not defined
 ❯ tests/setup/integration-setup.ts:51:50
            </failure>
            <failure message="expect is not defined" type="ReferenceError">
ReferenceError: expect is not defined
 ❯ tests/setup/integration-setup.ts:71:51
            </failure>
            <failure message="expect is not defined" type="ReferenceError">
ReferenceError: expect is not defined
 ❯ tests/setup/integration-setup.ts:51:50
            </failure>
            <failure message="expect is not defined" type="ReferenceError">
ReferenceError: expect is not defined
 ❯ tests/setup/integration-setup.ts:71:51
            </failure>
        </testcase>
        <testcase classname="tests/integration/workflow-performance.test.ts" name="Performance Integration Tests &gt; Streaming Performance &gt; Should handle multiple concurrent streaming clients" time="0.001873">
            <failure message="expect is not defined" type="ReferenceError">
ReferenceError: expect is not defined
 ❯ tests/setup/integration-setup.ts:51:50
            </failure>
            <failure message="expect is not defined" type="ReferenceError">
ReferenceError: expect is not defined
 ❯ tests/setup/integration-setup.ts:71:51
            </failure>
            <failure message="expect is not defined" type="ReferenceError">
ReferenceError: expect is not defined
 ❯ tests/setup/integration-setup.ts:51:50
            </failure>
            <failure message="expect is not defined" type="ReferenceError">
ReferenceError: expect is not defined
 ❯ tests/setup/integration-setup.ts:71:51
            </failure>
        </testcase>
        <testcase classname="tests/integration/workflow-performance.test.ts" name="Performance Integration Tests &gt; Cost Optimization Performance &gt; Should optimize costs under performance constraints" time="0.0016984">
            <failure message="expect is not defined" type="ReferenceError">
ReferenceError: expect is not defined
 ❯ tests/setup/integration-setup.ts:51:50
            </failure>
            <failure message="expect is not defined" type="ReferenceError">
ReferenceError: expect is not defined
 ❯ tests/setup/integration-setup.ts:71:51
            </failure>
            <failure message="expect is not defined" type="ReferenceError">
ReferenceError: expect is not defined
 ❯ tests/setup/integration-setup.ts:51:50
            </failure>
            <failure message="expect is not defined" type="ReferenceError">
ReferenceError: expect is not defined
 ❯ tests/setup/integration-setup.ts:71:51
            </failure>
        </testcase>
        <testcase classname="tests/integration/workflow-performance.test.ts" name="Performance Integration Tests &gt; Memory and Resource Monitoring &gt; Should demonstrate stable memory usage patterns" time="0.0018547">
            <failure message="expect is not defined" type="ReferenceError">
ReferenceError: expect is not defined
 ❯ tests/setup/integration-setup.ts:51:50
            </failure>
            <failure message="expect is not defined" type="ReferenceError">
ReferenceError: expect is not defined
 ❯ tests/setup/integration-setup.ts:71:51
            </failure>
            <failure message="expect is not defined" type="ReferenceError">
ReferenceError: expect is not defined
 ❯ tests/setup/integration-setup.ts:51:50
            </failure>
            <failure message="expect is not defined" type="ReferenceError">
ReferenceError: expect is not defined
 ❯ tests/setup/integration-setup.ts:71:51
            </failure>
        </testcase>
    </testsuite>
    <testsuite name="tests/performance/api-performance.test.ts" timestamp="2025-09-20T06:10:39.669Z" hostname="eldon31" tests="8" failures="8" errors="0" skipped="0" time="0.2770252">
        <testcase classname="tests/performance/api-performance.test.ts" name="API Performance Tests &gt; Health Check Endpoints &gt; should respond quickly to basic health checks" time="0.0111503">
            <system-out>
✅ Performance test completed

✅ Performance test completed

            </system-out>
            <failure message="expect is not defined" type="ReferenceError">
ReferenceError: expect is not defined
 ❯ tests/setup/integration-setup.ts:51:50
            </failure>
            <failure message="expect is not defined" type="ReferenceError">
ReferenceError: expect is not defined
 ❯ tests/setup/integration-setup.ts:71:51
            </failure>
            <failure message="expect is not defined" type="ReferenceError">
ReferenceError: expect is not defined
 ❯ tests/setup/integration-setup.ts:51:50
            </failure>
            <failure message="expect is not defined" type="ReferenceError">
ReferenceError: expect is not defined
 ❯ tests/setup/integration-setup.ts:71:51
            </failure>
        </testcase>
        <testcase classname="tests/performance/api-performance.test.ts" name="API Performance Tests &gt; Health Check Endpoints &gt; should handle system health checks efficiently" time="0.0035169">
            <system-out>
✅ Performance test completed

✅ Performance test completed

            </system-out>
            <failure message="expect is not defined" type="ReferenceError">
ReferenceError: expect is not defined
 ❯ tests/setup/integration-setup.ts:51:50
            </failure>
            <failure message="expect is not defined" type="ReferenceError">
ReferenceError: expect is not defined
 ❯ tests/setup/integration-setup.ts:71:51
            </failure>
            <failure message="expect is not defined" type="ReferenceError">
ReferenceError: expect is not defined
 ❯ tests/setup/integration-setup.ts:51:50
            </failure>
            <failure message="expect is not defined" type="ReferenceError">
ReferenceError: expect is not defined
 ❯ tests/setup/integration-setup.ts:71:51
            </failure>
        </testcase>
        <testcase classname="tests/performance/api-performance.test.ts" name="API Performance Tests &gt; Provider Status Endpoints &gt; should efficiently check provider status" time="0.0076027">
            <system-out>
✅ Performance test completed

✅ Performance test completed

            </system-out>
            <failure message="expect is not defined" type="ReferenceError">
ReferenceError: expect is not defined
 ❯ tests/setup/integration-setup.ts:51:50
            </failure>
            <failure message="expect is not defined" type="ReferenceError">
ReferenceError: expect is not defined
 ❯ tests/setup/integration-setup.ts:71:51
            </failure>
            <failure message="expect is not defined" type="ReferenceError">
ReferenceError: expect is not defined
 ❯ tests/setup/integration-setup.ts:51:50
            </failure>
            <failure message="expect is not defined" type="ReferenceError">
ReferenceError: expect is not defined
 ❯ tests/setup/integration-setup.ts:71:51
            </failure>
        </testcase>
        <testcase classname="tests/performance/api-performance.test.ts" name="API Performance Tests &gt; Provider Status Endpoints &gt; should handle LLM provider queries efficiently" time="0.0040177">
            <system-out>
✅ Performance test completed

✅ Performance test completed

            </system-out>
            <failure message="expect is not defined" type="ReferenceError">
ReferenceError: expect is not defined
 ❯ tests/setup/integration-setup.ts:51:50
            </failure>
            <failure message="expect is not defined" type="ReferenceError">
ReferenceError: expect is not defined
 ❯ tests/setup/integration-setup.ts:71:51
            </failure>
            <failure message="expect is not defined" type="ReferenceError">
ReferenceError: expect is not defined
 ❯ tests/setup/integration-setup.ts:51:50
            </failure>
            <failure message="expect is not defined" type="ReferenceError">
ReferenceError: expect is not defined
 ❯ tests/setup/integration-setup.ts:71:51
            </failure>
        </testcase>
        <testcase classname="tests/performance/api-performance.test.ts" name="API Performance Tests &gt; Form Submission Performance &gt; should handle form submissions efficiently" time="0.0108116">
            <system-out>
✅ Performance test completed

✅ Performance test completed

            </system-out>
            <failure message="expect is not defined" type="ReferenceError">
ReferenceError: expect is not defined
 ❯ tests/setup/integration-setup.ts:51:50
            </failure>
            <failure message="expect is not defined" type="ReferenceError">
ReferenceError: expect is not defined
 ❯ tests/setup/integration-setup.ts:71:51
            </failure>
            <failure message="expect is not defined" type="ReferenceError">
ReferenceError: expect is not defined
 ❯ tests/setup/integration-setup.ts:51:50
            </failure>
            <failure message="expect is not defined" type="ReferenceError">
ReferenceError: expect is not defined
 ❯ tests/setup/integration-setup.ts:71:51
            </failure>
        </testcase>
        <testcase classname="tests/performance/api-performance.test.ts" name="API Performance Tests &gt; Itinerary Generation Performance &gt; should handle itinerary generation with acceptable performance" time="0.0123576">
            <system-out>
✅ Performance test completed

✅ Performance test completed

            </system-out>
            <failure message="expect is not defined" type="ReferenceError">
ReferenceError: expect is not defined
 ❯ tests/setup/integration-setup.ts:51:50
            </failure>
            <failure message="expect is not defined" type="ReferenceError">
ReferenceError: expect is not defined
 ❯ tests/setup/integration-setup.ts:71:51
            </failure>
            <failure message="expect is not defined" type="ReferenceError">
ReferenceError: expect is not defined
 ❯ tests/setup/integration-setup.ts:51:50
            </failure>
            <failure message="expect is not defined" type="ReferenceError">
ReferenceError: expect is not defined
 ❯ tests/setup/integration-setup.ts:71:51
            </failure>
        </testcase>
        <testcase classname="tests/performance/api-performance.test.ts" name="API Performance Tests &gt; Concurrent Load Testing &gt; should handle concurrent users on health endpoints" time="0.0027058">
            <system-out>
✅ Performance test completed

✅ Performance test completed

            </system-out>
            <failure message="expect is not defined" type="ReferenceError">
ReferenceError: expect is not defined
 ❯ tests/setup/integration-setup.ts:51:50
            </failure>
            <failure message="expect is not defined" type="ReferenceError">
ReferenceError: expect is not defined
 ❯ tests/setup/integration-setup.ts:71:51
            </failure>
            <failure message="expect is not defined" type="ReferenceError">
ReferenceError: expect is not defined
 ❯ tests/setup/integration-setup.ts:51:50
            </failure>
            <failure message="expect is not defined" type="ReferenceError">
ReferenceError: expect is not defined
 ❯ tests/setup/integration-setup.ts:71:51
            </failure>
        </testcase>
        <testcase classname="tests/performance/api-performance.test.ts" name="API Performance Tests &gt; Performance Regression Detection &gt; should establish baseline metrics for regression comparison" time="0.0043679">
            <system-out>
✅ Performance test completed

✅ Performance test completed

            </system-out>
            <failure message="expect is not defined" type="ReferenceError">
ReferenceError: expect is not defined
 ❯ tests/setup/integration-setup.ts:51:50
            </failure>
            <failure message="expect is not defined" type="ReferenceError">
ReferenceError: expect is not defined
 ❯ tests/setup/integration-setup.ts:71:51
            </failure>
            <failure message="expect is not defined" type="ReferenceError">
ReferenceError: expect is not defined
 ❯ tests/setup/integration-setup.ts:51:50
            </failure>
            <failure message="expect is not defined" type="ReferenceError">
ReferenceError: expect is not defined
 ❯ tests/setup/integration-setup.ts:71:51
            </failure>
        </testcase>
    </testsuite>
    <testsuite name="tests/performance/load-testing.test.ts" timestamp="2025-09-20T06:10:40.403Z" hostname="eldon31" tests="6" failures="6" errors="0" skipped="0" time="0.2826422">
        <testcase classname="tests/performance/load-testing.test.ts" name="Load Testing Suite &gt; Sustained Load Testing &gt; should handle sustained load on health endpoints" time="0.0100222">
            <system-out>
✅ Performance test completed

✅ Performance test completed

            </system-out>
            <failure message="expect is not defined" type="ReferenceError">
ReferenceError: expect is not defined
 ❯ tests/setup/integration-setup.ts:51:50
            </failure>
            <failure message="expect is not defined" type="ReferenceError">
ReferenceError: expect is not defined
 ❯ tests/setup/integration-setup.ts:71:51
            </failure>
            <failure message="expect is not defined" type="ReferenceError">
ReferenceError: expect is not defined
 ❯ tests/setup/integration-setup.ts:51:50
            </failure>
            <failure message="expect is not defined" type="ReferenceError">
ReferenceError: expect is not defined
 ❯ tests/setup/integration-setup.ts:71:51
            </failure>
        </testcase>
        <testcase classname="tests/performance/load-testing.test.ts" name="Load Testing Suite &gt; Sustained Load Testing &gt; should handle burst load scenarios" time="0.0044585">
            <system-out>
✅ Performance test completed

✅ Performance test completed

            </system-out>
            <failure message="expect is not defined" type="ReferenceError">
ReferenceError: expect is not defined
 ❯ tests/setup/integration-setup.ts:51:50
            </failure>
            <failure message="expect is not defined" type="ReferenceError">
ReferenceError: expect is not defined
 ❯ tests/setup/integration-setup.ts:71:51
            </failure>
            <failure message="expect is not defined" type="ReferenceError">
ReferenceError: expect is not defined
 ❯ tests/setup/integration-setup.ts:51:50
            </failure>
            <failure message="expect is not defined" type="ReferenceError">
ReferenceError: expect is not defined
 ❯ tests/setup/integration-setup.ts:71:51
            </failure>
        </testcase>
        <testcase classname="tests/performance/load-testing.test.ts" name="Load Testing Suite &gt; Gradual Load Ramp-Up &gt; should handle gradual load increase" time="0.0047679">
            <system-out>
✅ Performance test completed

✅ Performance test completed

            </system-out>
            <failure message="expect is not defined" type="ReferenceError">
ReferenceError: expect is not defined
 ❯ tests/setup/integration-setup.ts:51:50
            </failure>
            <failure message="expect is not defined" type="ReferenceError">
ReferenceError: expect is not defined
 ❯ tests/setup/integration-setup.ts:71:51
            </failure>
            <failure message="expect is not defined" type="ReferenceError">
ReferenceError: expect is not defined
 ❯ tests/setup/integration-setup.ts:51:50
            </failure>
            <failure message="expect is not defined" type="ReferenceError">
ReferenceError: expect is not defined
 ❯ tests/setup/integration-setup.ts:71:51
            </failure>
        </testcase>
        <testcase classname="tests/performance/load-testing.test.ts" name="Load Testing Suite &gt; Mixed Workload Testing &gt; should handle mixed endpoint workloads" time="0.0045278">
            <system-out>
✅ Performance test completed

✅ Performance test completed

            </system-out>
            <failure message="expect is not defined" type="ReferenceError">
ReferenceError: expect is not defined
 ❯ tests/setup/integration-setup.ts:51:50
            </failure>
            <failure message="expect is not defined" type="ReferenceError">
ReferenceError: expect is not defined
 ❯ tests/setup/integration-setup.ts:71:51
            </failure>
            <failure message="expect is not defined" type="ReferenceError">
ReferenceError: expect is not defined
 ❯ tests/setup/integration-setup.ts:51:50
            </failure>
            <failure message="expect is not defined" type="ReferenceError">
ReferenceError: expect is not defined
 ❯ tests/setup/integration-setup.ts:71:51
            </failure>
        </testcase>
        <testcase classname="tests/performance/load-testing.test.ts" name="Load Testing Suite &gt; Error Rate Testing &gt; should maintain acceptable error rates under load" time="0.0037183">
            <system-out>
✅ Performance test completed

✅ Performance test completed

            </system-out>
            <failure message="expect is not defined" type="ReferenceError">
ReferenceError: expect is not defined
 ❯ tests/setup/integration-setup.ts:51:50
            </failure>
            <failure message="expect is not defined" type="ReferenceError">
ReferenceError: expect is not defined
 ❯ tests/setup/integration-setup.ts:71:51
            </failure>
            <failure message="expect is not defined" type="ReferenceError">
ReferenceError: expect is not defined
 ❯ tests/setup/integration-setup.ts:51:50
            </failure>
            <failure message="expect is not defined" type="ReferenceError">
ReferenceError: expect is not defined
 ❯ tests/setup/integration-setup.ts:71:51
            </failure>
        </testcase>
        <testcase classname="tests/performance/load-testing.test.ts" name="Load Testing Suite &gt; Performance Baseline Establishment &gt; should establish load test baselines" time="0.0030042">
            <system-out>
✅ Performance test completed

✅ Performance test completed

            </system-out>
            <failure message="expect is not defined" type="ReferenceError">
ReferenceError: expect is not defined
 ❯ tests/setup/integration-setup.ts:51:50
            </failure>
            <failure message="expect is not defined" type="ReferenceError">
ReferenceError: expect is not defined
 ❯ tests/setup/integration-setup.ts:71:51
            </failure>
            <failure message="expect is not defined" type="ReferenceError">
ReferenceError: expect is not defined
 ❯ tests/setup/integration-setup.ts:51:50
            </failure>
            <failure message="expect is not defined" type="ReferenceError">
ReferenceError: expect is not defined
 ❯ tests/setup/integration-setup.ts:71:51
            </failure>
        </testcase>
    </testsuite>
</testsuites>
